  [1m[36m (2.6ms)[0m  [1mCREATE TABLE "schema_migrations" ("version" varchar(255) NOT NULL) [0m
  [1m[35m (3.0ms)[0m  CREATE UNIQUE INDEX "unique_schema_migrations" ON "schema_migrations" ("version")
  [1m[36mActiveRecord::SchemaMigration Load (0.2ms)[0m  [1mSELECT "schema_migrations".* FROM "schema_migrations"[0m
Migrating to CreateMovies (20121121163535)
  [1m[35m (0.1ms)[0m  begin transaction
  [1m[36m (0.5ms)[0m  [1mCREATE TABLE "movies" ("id" INTEGER PRIMARY KEY AUTOINCREMENT NOT NULL, "title" varchar(255), "rating" varchar(255), "total_gross" decimal, "created_at" datetime, "updated_at" datetime) [0m
  [1m[35mSQL (0.3ms)[0m  INSERT INTO "schema_migrations" ("version") VALUES (?)  [["version", "20121121163535"]]
  [1m[36m (3.6ms)[0m  [1mcommit transaction[0m
Migrating to AddFieldsToMovies (20121121180707)
  [1m[35m (0.2ms)[0m  begin transaction
  [1m[36m (0.5ms)[0m  [1mALTER TABLE "movies" ADD "description" text[0m
  [1m[35m (0.2ms)[0m  ALTER TABLE "movies" ADD "released_on" date
  [1m[36mSQL (0.4ms)[0m  [1mINSERT INTO "schema_migrations" ("version") VALUES (?)[0m  [["version", "20121121180707"]]
  [1m[35m (2.6ms)[0m  commit transaction
Migrating to AddMoreFieldsToMovies (20121210234158)
  [1m[36m (0.1ms)[0m  [1mbegin transaction[0m
  [1m[35m (0.5ms)[0m  ALTER TABLE "movies" ADD "cast" varchar(255)
  [1m[36m (0.3ms)[0m  [1mALTER TABLE "movies" ADD "director" varchar(255)[0m
  [1m[35m (0.2ms)[0m  ALTER TABLE "movies" ADD "duration" varchar(255)
  [1m[36m (0.4ms)[0m  [1mALTER TABLE "movies" ADD "image_file_name" varchar(255)[0m
  [1m[35mSQL (0.4ms)[0m  INSERT INTO "schema_migrations" ("version") VALUES (?)  [["version", "20121210234158"]]
  [1m[36m (2.9ms)[0m  [1mcommit transaction[0m
  [1m[35mActiveRecord::SchemaMigration Load (0.1ms)[0m  SELECT "schema_migrations".* FROM "schema_migrations"
  [1m[36m (0.2ms)[0m  [1mSELECT version FROM schema_migrations[0m
  [1m[36mActiveRecord::SchemaMigration Load (0.2ms)[0m  [1mSELECT "schema_migrations".* FROM "schema_migrations"[0m
  [1m[35m (0.1ms)[0m  begin transaction
  [1m[36mSQL (24.3ms)[0m  [1mINSERT INTO "movies" ("cast", "created_at", "description", "director", "duration", "image_file_name", "rating", "released_on", "title", "total_gross", "updated_at") VALUES (?, ?, ?, ?, ?, ?, ?, ?, ?, ?, ?)[0m  [["cast", "Robert Downey Jr., Gwyneth Paltrow and Terrence Howard"], ["created_at", Sat, 07 Sep 2013 20:06:06 UTC +00:00], ["description", "When wealthy industrialist Tony Stark is forced to build an armored suit after a life-threatening incident, he ultimately decides to use its technology to fight against evil."], ["director", "Jon Favreau"], ["duration", "126 min"], ["image_file_name", "ironman.jpg"], ["rating", "PG-13"], ["released_on", Fri, 02 May 2008], ["title", "Iron Man"], ["total_gross", #<BigDecimal:7ff879c4f918,'0.318412101E9',9(36)>], ["updated_at", Sat, 07 Sep 2013 20:06:06 UTC +00:00]]
  [1m[35m (3.1ms)[0m  commit transaction
  [1m[36m (0.2ms)[0m  [1mbegin transaction[0m
  [1m[35mSQL (0.8ms)[0m  INSERT INTO "movies" ("cast", "created_at", "description", "director", "duration", "image_file_name", "rating", "released_on", "title", "total_gross", "updated_at") VALUES (?, ?, ?, ?, ?, ?, ?, ?, ?, ?, ?)  [["cast", "Christopher Reeve, Margot Kidder and Gene Hackman"], ["created_at", Sat, 07 Sep 2013 20:06:06 UTC +00:00], ["description", "An alien orphan is sent from his dying planet to Earth, where he grows up to become his adoptive home's first and greatest super-hero."], ["director", "Richard Donner"], ["duration", "143 min"], ["image_file_name", "superman.jpg"], ["rating", "PG"], ["released_on", Fri, 15 Dec 1978], ["title", "Superman"], ["total_gross", #<BigDecimal:7ff879deac00,'0.134218018E9',9(36)>], ["updated_at", Sat, 07 Sep 2013 20:06:06 UTC +00:00]]
  [1m[36m (3.0ms)[0m  [1mcommit transaction[0m
  [1m[35m (0.1ms)[0m  begin transaction
  [1m[36mSQL (0.5ms)[0m  [1mINSERT INTO "movies" ("cast", "created_at", "description", "director", "duration", "image_file_name", "rating", "released_on", "title", "total_gross", "updated_at") VALUES (?, ?, ?, ?, ?, ?, ?, ?, ?, ?, ?)[0m  [["cast", "Tobey Maguire, Kirsten Dunst and Willem Dafoe"], ["created_at", Sat, 07 Sep 2013 20:06:06 UTC +00:00], ["description", "When bitten by a genetically modified spider, a nerdy, shy, and awkward high school student gains spider-like abilities that he eventually must use to fight evil as a superhero after tragedy befalls his family."], ["director", "Sam Raimi"], ["duration", "121 min"], ["image_file_name", "spiderman.jpg"], ["rating", "PG-13"], ["released_on", Fri, 03 May 2002], ["title", "Spider-Man"], ["total_gross", #<BigDecimal:7ff879e56d88,'0.403706375E9',9(36)>], ["updated_at", Sat, 07 Sep 2013 20:06:06 UTC +00:00]]
  [1m[35m (2.6ms)[0m  commit transaction
  [1m[36m (0.1ms)[0m  [1mbegin transaction[0m
  [1m[35mSQL (0.5ms)[0m  INSERT INTO "movies" ("cast", "created_at", "description", "director", "duration", "image_file_name", "rating", "released_on", "title", "total_gross", "updated_at") VALUES (?, ?, ?, ?, ?, ?, ?, ?, ?, ?, ?)  [["cast", "Michael Keaton, Jack Nicholson and Kim Basinger"], ["created_at", Sat, 07 Sep 2013 20:06:06 UTC +00:00], ["description", "The Dark Knight of Gotham City begins his war on crime with his first major enemy being the clownishly homicidal Joker."], ["director", "Tim Burton"], ["duration", "126 min"], ["image_file_name", "batman.jpg"], ["rating", "PG-13"], ["released_on", Fri, 23 Jun 1989], ["title", "Batman"], ["total_gross", #<BigDecimal:7ff879eb6e68,'0.251188924E9',9(36)>], ["updated_at", Sat, 07 Sep 2013 20:06:06 UTC +00:00]]
  [1m[36m (2.9ms)[0m  [1mcommit transaction[0m
  [1m[35m (0.1ms)[0m  begin transaction
  [1m[36mSQL (0.5ms)[0m  [1mINSERT INTO "movies" ("cast", "created_at", "description", "director", "duration", "image_file_name", "rating", "released_on", "title", "total_gross", "updated_at") VALUES (?, ?, ?, ?, ?, ?, ?, ?, ?, ?, ?)[0m  [["cast", "Halle Berry, Sharon Stone and Benjamin Bratt"], ["created_at", Sat, 07 Sep 2013 20:06:06 UTC +00:00], ["description", "Patience Philips seems destined to spend her life apologizing for taking up space. Despite her artistic ability&mdash;she has a more than respectable career as a graphic designer."], ["director", "Jean-Christophe 'Pitof' Comar"], ["duration", "101 min"], ["image_file_name", "catwoman.jpg"], ["rating", "PG-13"], ["released_on", Fri, 23 Jul 2004], ["title", "Catwoman"], ["total_gross", #<BigDecimal:7ff879f07610,'0.402E8',9(45)>], ["updated_at", Sat, 07 Sep 2013 20:06:06 UTC +00:00]]
  [1m[35m (2.9ms)[0m  commit transaction
  [1m[36m (0.1ms)[0m  [1mbegin transaction[0m
  [1m[35mSQL (0.5ms)[0m  INSERT INTO "movies" ("cast", "created_at", "description", "director", "duration", "image_file_name", "rating", "released_on", "title", "total_gross", "updated_at") VALUES (?, ?, ?, ?, ?, ?, ?, ?, ?, ?, ?)  [["cast", "Bruce Wayne, Gojira"], ["created_at", Sat, 07 Sep 2013 20:06:06 UTC +00:00], ["description", "An epic battle between The Caped Crusader and the fire-breathing dinosaur Gojira. Hang on to your popcorn, kids!"], ["director", "Ishiro Honda"], ["duration", "211 min"], ["image_file_name", "batman-vs-godzilla.jpg"], ["rating", "PG-13"], ["released_on", Tue, 17 Sep 2013], ["title", "Batman vs. Godzilla"], ["total_gross", #<BigDecimal:7ff879f4e150,'0.38762391E9',9(36)>], ["updated_at", Sat, 07 Sep 2013 20:06:06 UTC +00:00]]
  [1m[36m (2.7ms)[0m  [1mcommit transaction[0m
  [1m[36m (2.7ms)[0m  [1mCREATE TABLE "movies" ("id" INTEGER PRIMARY KEY AUTOINCREMENT NOT NULL, "title" varchar(255), "rating" varchar(255), "total_gross" decimal, "created_at" datetime, "updated_at" datetime, "description" text, "released_on" date, "cast" varchar(255), "director" varchar(255), "duration" varchar(255), "image_file_name" varchar(255)) [0m
  [1m[35m (2.7ms)[0m  CREATE TABLE "schema_migrations" ("version" varchar(255) NOT NULL) 
  [1m[36m (3.1ms)[0m  [1mCREATE UNIQUE INDEX "unique_schema_migrations" ON "schema_migrations" ("version")[0m
  [1m[35m (0.3ms)[0m  SELECT version FROM "schema_migrations"
  [1m[36m (3.0ms)[0m  [1mINSERT INTO "schema_migrations" (version) VALUES ('20121210234158')[0m
  [1m[35m (2.7ms)[0m  INSERT INTO "schema_migrations" (version) VALUES ('20121121163535')
  [1m[36m (3.0ms)[0m  [1mINSERT INTO "schema_migrations" (version) VALUES ('20121121180707')[0m


Started GET "/" for 127.0.0.1 at 2013-09-07 16:06:56 -0400
  [1m[36mActiveRecord::SchemaMigration Load (0.1ms)[0m  [1mSELECT "schema_migrations".* FROM "schema_migrations"[0m
Processing by MoviesController#index as HTML
  [1m[35mMovie Load (0.3ms)[0m  SELECT "movies".* FROM "movies" WHERE (released_on <= '2013-09-07 20:06:56.893398') ORDER BY released_on desc
  Rendered movies/index.html.erb within layouts/application (97.2ms)
  Rendered layouts/_header.html.erb (1.3ms)
  Rendered layouts/_sidebar.html.erb (1.2ms)
  Rendered layouts/_footer.html.erb (0.6ms)
Completed 200 OK in 1616ms (Views: 1572.9ms | ActiveRecord: 0.9ms)


Started GET "/assets/buttons.css?body=1" for 127.0.0.1 at 2013-09-07 16:06:58 -0400


Started GET "/assets/normalize.css?body=1" for 127.0.0.1 at 2013-09-07 16:06:58 -0400


Started GET "/assets/elements.css?body=1" for 127.0.0.1 at 2013-09-07 16:06:58 -0400


Started GET "/assets/forms.css?body=1" for 127.0.0.1 at 2013-09-07 16:06:58 -0400


Started GET "/assets/application.css?body=1" for 127.0.0.1 at 2013-09-07 16:06:58 -0400


Started GET "/assets/layout.css?body=1" for 127.0.0.1 at 2013-09-07 16:06:58 -0400


Started GET "/assets/jquery_ujs.js?body=1" for 127.0.0.1 at 2013-09-07 16:06:58 -0400


Started GET "/assets/jquery.js?body=1" for 127.0.0.1 at 2013-09-07 16:06:58 -0400


Started GET "/assets/movies.css?body=1" for 127.0.0.1 at 2013-09-07 16:06:58 -0400


Started GET "/assets/turbolinks.js?body=1" for 127.0.0.1 at 2013-09-07 16:06:58 -0400


Started GET "/assets/movies.js?body=1" for 127.0.0.1 at 2013-09-07 16:06:58 -0400


Started GET "/assets/application.js?body=1" for 127.0.0.1 at 2013-09-07 16:06:58 -0400


Started GET "/assets/background.jpg" for 127.0.0.1 at 2013-09-07 16:06:58 -0400


Started GET "/assets/batman.jpg" for 127.0.0.1 at 2013-09-07 16:06:58 -0400


Started GET "/assets/superman.jpg" for 127.0.0.1 at 2013-09-07 16:06:58 -0400


Started GET "/assets/ironman.jpg" for 127.0.0.1 at 2013-09-07 16:06:58 -0400


Started GET "/assets/arrow.png" for 127.0.0.1 at 2013-09-07 16:06:58 -0400


Started GET "/assets/spiderman.jpg" for 127.0.0.1 at 2013-09-07 16:06:58 -0400


Started GET "/assets/catwoman.jpg" for 127.0.0.1 at 2013-09-07 16:06:58 -0400


Started GET "/assets/logo.png" for 127.0.0.1 at 2013-09-07 16:06:58 -0400


Started GET "/assets/add.png" for 127.0.0.1 at 2013-09-07 16:06:58 -0400


Started GET "/assets/application.css" for 127.0.0.1 at 2013-09-07 16:14:28 -0400


Started GET "/" for 127.0.0.1 at 2013-09-07 16:14:38 -0400
Processing by MoviesController#index as HTML
  [1m[36mMovie Load (0.4ms)[0m  [1mSELECT "movies".* FROM "movies" WHERE (released_on <= '2013-09-07 20:14:38.125943') ORDER BY released_on desc[0m
  Rendered movies/index.html.erb within layouts/application (6.3ms)
  Rendered layouts/_header.html.erb (0.7ms)
  Rendered layouts/_sidebar.html.erb (0.7ms)
  Rendered layouts/_footer.html.erb (0.5ms)
Completed 200 OK in 20ms (Views: 18.2ms | ActiveRecord: 0.4ms)


Started GET "/movies/new" for 127.0.0.1 at 2013-09-07 16:14:42 -0400
Processing by MoviesController#new as HTML
  Rendered movies/_form.html.erb (125.5ms)
  Rendered movies/new.html.erb within layouts/application (127.3ms)
  Rendered layouts/_header.html.erb (0.2ms)
  Rendered layouts/_sidebar.html.erb (0.3ms)
  Rendered layouts/_footer.html.erb (0.1ms)
Completed 200 OK in 167ms (Views: 165.9ms | ActiveRecord: 0.0ms)


Started GET "/" for 127.0.0.1 at 2013-09-07 16:14:53 -0400
Processing by MoviesController#index as HTML
  [1m[35mMovie Load (0.4ms)[0m  SELECT "movies".* FROM "movies" WHERE (released_on <= '2013-09-07 20:14:53.532570') ORDER BY released_on desc
  Rendered movies/index.html.erb within layouts/application (5.1ms)
  Rendered layouts/_header.html.erb (0.2ms)
  Rendered layouts/_sidebar.html.erb (0.3ms)
  Rendered layouts/_footer.html.erb (0.1ms)
Completed 200 OK in 17ms (Views: 15.9ms | ActiveRecord: 0.4ms)


Started GET "/movies/5" for 127.0.0.1 at 2013-09-07 16:15:13 -0400
Processing by MoviesController#show as HTML
  Parameters: {"id"=>"5"}
  [1m[36mMovie Load (0.3ms)[0m  [1mSELECT "movies".* FROM "movies" WHERE "movies"."id" = ? LIMIT 1[0m  [["id", "5"]]
  Rendered movies/show.html.erb within layouts/application (2.6ms)
  Rendered layouts/_header.html.erb (0.2ms)
  Rendered layouts/_sidebar.html.erb (0.3ms)
  Rendered layouts/_footer.html.erb (0.1ms)
Completed 200 OK in 16ms (Views: 13.2ms | ActiveRecord: 0.3ms)


Started GET "/movies/5/edit" for 127.0.0.1 at 2013-09-07 16:15:26 -0400
Processing by MoviesController#edit as HTML
  Parameters: {"id"=>"5"}
  [1m[35mMovie Load (0.2ms)[0m  SELECT "movies".* FROM "movies" WHERE "movies"."id" = ? LIMIT 1  [["id", "5"]]
  Rendered movies/_form.html.erb (48.1ms)
  Rendered movies/edit.html.erb within layouts/application (50.0ms)
  Rendered layouts/_header.html.erb (0.2ms)
  Rendered layouts/_sidebar.html.erb (0.2ms)
  Rendered layouts/_footer.html.erb (0.1ms)
Completed 200 OK in 63ms (Views: 60.4ms | ActiveRecord: 0.2ms)


Started GET "/movies" for 127.0.0.1 at 2013-09-07 16:15:41 -0400
Processing by MoviesController#index as HTML
  [1m[36mMovie Load (0.4ms)[0m  [1mSELECT "movies".* FROM "movies" WHERE (released_on <= '2013-09-07 20:15:41.589186') ORDER BY released_on desc[0m
  Rendered movies/index.html.erb within layouts/application (5.4ms)
  Rendered layouts/_header.html.erb (0.1ms)
  Rendered layouts/_sidebar.html.erb (0.2ms)
  Rendered layouts/_footer.html.erb (0.1ms)
Completed 200 OK in 17ms (Views: 15.2ms | ActiveRecord: 0.4ms)


Started GET "/movies/5" for 127.0.0.1 at 2013-09-07 16:15:43 -0400
Processing by MoviesController#show as HTML
  Parameters: {"id"=>"5"}
  [1m[35mMovie Load (0.2ms)[0m  SELECT "movies".* FROM "movies" WHERE "movies"."id" = ? LIMIT 1  [["id", "5"]]
  Rendered movies/show.html.erb within layouts/application (1.0ms)
  Rendered layouts/_header.html.erb (0.1ms)
  Rendered layouts/_sidebar.html.erb (0.2ms)
  Rendered layouts/_footer.html.erb (0.1ms)
Completed 200 OK in 13ms (Views: 11.6ms | ActiveRecord: 0.2ms)


Started GET "/movies/1" for 127.0.0.1 at 2013-09-07 16:15:47 -0400
Processing by MoviesController#show as HTML
  Parameters: {"id"=>"1"}
  [1m[36mMovie Load (0.2ms)[0m  [1mSELECT "movies".* FROM "movies" WHERE "movies"."id" = ? LIMIT 1[0m  [["id", "1"]]
  Rendered movies/show.html.erb within layouts/application (1.2ms)
  Rendered layouts/_header.html.erb (0.1ms)
  Rendered layouts/_sidebar.html.erb (0.2ms)
  Rendered layouts/_footer.html.erb (0.1ms)
Completed 200 OK in 13ms (Views: 11.3ms | ActiveRecord: 0.2ms)


Started GET "/" for 127.0.0.1 at 2013-09-07 16:16:17 -0400
Processing by MoviesController#index as HTML
  [1m[35mMovie Load (0.5ms)[0m  SELECT "movies".* FROM "movies" WHERE (released_on <= '2013-09-07 20:16:17.623600') ORDER BY released_on desc
  Rendered movies/index.html.erb within layouts/application (4.5ms)
  Rendered layouts/_header.html.erb (0.1ms)
  Rendered layouts/_sidebar.html.erb (0.2ms)
  Rendered layouts/_footer.html.erb (0.1ms)
Completed 200 OK in 15ms (Views: 13.6ms | ActiveRecord: 0.5ms)


Started GET "/movies/new" for 127.0.0.1 at 2013-09-07 16:51:26 -0400
Processing by MoviesController#new as HTML
  Rendered movies/_form.html.erb (77.3ms)
  Rendered movies/new.html.erb within layouts/application (78.3ms)
  Rendered layouts/_header.html.erb (0.2ms)
  Rendered layouts/_sidebar.html.erb (0.3ms)
  Rendered layouts/_footer.html.erb (0.1ms)
Completed 200 OK in 100ms (Views: 92.3ms | ActiveRecord: 0.7ms)
  [1m[36m (0.2ms)[0m  [1mbegin transaction[0m
  [1m[35m (0.1ms)[0m  rollback transaction


Started GET "/movies" for 127.0.0.1 at 2013-09-07 17:05:32 -0400
Processing by MoviesController#index as HTML
  [1m[36mMovie Load (0.5ms)[0m  [1mSELECT "movies".* FROM "movies" WHERE (released_on <= '2013-09-07 21:05:32.553042') ORDER BY released_on desc[0m
  Rendered movies/index.html.erb within layouts/application (8.7ms)
  Rendered layouts/_header.html.erb (0.3ms)
  Rendered layouts/_sidebar.html.erb (0.3ms)
  Rendered layouts/_footer.html.erb (0.2ms)
Completed 200 OK in 129ms (Views: 127.1ms | ActiveRecord: 0.5ms)


Started GET "/movies/1" for 127.0.0.1 at 2013-09-07 17:09:24 -0400
Processing by MoviesController#show as HTML
  Parameters: {"id"=>"1"}
  [1m[35mMovie Load (0.3ms)[0m  SELECT "movies".* FROM "movies" WHERE "movies"."id" = ? LIMIT 1  [["id", "1"]]
  Rendered movies/show.html.erb within layouts/application (1.7ms)
  Rendered layouts/_header.html.erb (0.2ms)
  Rendered layouts/_sidebar.html.erb (0.2ms)
  Rendered layouts/_footer.html.erb (0.1ms)
Completed 200 OK in 15ms (Views: 12.3ms | ActiveRecord: 0.3ms)


Started GET "/movies/1/edit" for 127.0.0.1 at 2013-09-07 17:09:27 -0400
Processing by MoviesController#edit as HTML
  Parameters: {"id"=>"1"}
  [1m[36mMovie Load (0.2ms)[0m  [1mSELECT "movies".* FROM "movies" WHERE "movies"."id" = ? LIMIT 1[0m  [["id", "1"]]
  Rendered movies/_form.html.erb (10.2ms)
  Rendered movies/edit.html.erb within layouts/application (11.7ms)
  Rendered layouts/_header.html.erb (0.2ms)
  Rendered layouts/_sidebar.html.erb (0.3ms)
  Rendered layouts/_footer.html.erb (0.1ms)
Completed 200 OK in 40ms (Views: 37.7ms | ActiveRecord: 0.2ms)
  [1m[36m (0.5ms)[0m  [1mbegin transaction[0m
  [1m[35m (0.1ms)[0m  rollback transaction
  [1m[36m (0.1ms)[0m  [1mbegin transaction[0m
  [1m[35mSQL (72.2ms)[0m  INSERT INTO "movies" ("created_at", "description", "duration", "rating", "released_on", "title", "total_gross", "updated_at") VALUES (?, ?, ?, ?, ?, ?, ?, ?)  [["created_at", Sat, 07 Sep 2013 21:19:11 UTC +00:00], ["description", "A troubled child summons the courage to help a friendly alien escape Earth and return to his home-world."], ["duration", "114 min"], ["rating", "PG-13"], ["released_on", Fri, 11 Jun 1982], ["title", "E.T."], ["total_gross", #<BigDecimal:7f85a3c1ba80,'0.792910554E9',9(36)>], ["updated_at", Sat, 07 Sep 2013 21:19:11 UTC +00:00]]
  [1m[36m (2.6ms)[0m  [1mcommit transaction[0m


Started GET "/movies" for 127.0.0.1 at 2013-09-07 17:19:38 -0400
Processing by MoviesController#index as HTML
  [1m[35mMovie Load (0.3ms)[0m  SELECT "movies".* FROM "movies" WHERE (released_on <= '2013-09-07 21:19:38.400674') ORDER BY released_on desc
  Rendered movies/index.html.erb within layouts/application (73.0ms)
  Rendered layouts/_header.html.erb (0.2ms)
  Rendered layouts/_sidebar.html.erb (0.3ms)
  Rendered layouts/_footer.html.erb (0.1ms)
Completed 200 OK in 88ms (Views: 82.9ms | ActiveRecord: 0.9ms)


Started GET "/assets/placeholder.png" for 127.0.0.1 at 2013-09-07 17:19:38 -0400


Started GET "/movies/7" for 127.0.0.1 at 2013-09-07 17:19:50 -0400
Processing by MoviesController#show as HTML
  Parameters: {"id"=>"7"}
  [1m[36mMovie Load (0.4ms)[0m  [1mSELECT "movies".* FROM "movies" WHERE "movies"."id" = ? LIMIT 1[0m  [["id", "7"]]
  Rendered movies/show.html.erb within layouts/application (1.7ms)
  Rendered layouts/_header.html.erb (0.3ms)
  Rendered layouts/_sidebar.html.erb (0.3ms)
  Rendered layouts/_footer.html.erb (0.1ms)
Completed 200 OK in 16ms (Views: 12.8ms | ActiveRecord: 0.4ms)


Started GET "/movies/new" for 127.0.0.1 at 2013-09-07 17:21:08 -0400
Processing by MoviesController#new as HTML
  Rendered movies/_form.html.erb (84.2ms)
  Rendered movies/new.html.erb within layouts/application (85.2ms)
  Rendered layouts/_header.html.erb (0.2ms)
  Rendered layouts/_sidebar.html.erb (0.2ms)
  Rendered layouts/_footer.html.erb (0.1ms)
Completed 200 OK in 102ms (Views: 95.6ms | ActiveRecord: 0.7ms)
